Executing: program /usr/bin/ssh host 222.201.145.151, user alvin, command scp -v -r -t /home/alvin
OpenSSH_6.6.1, OpenSSL 1.0.1f 6 Jan 2014
debug1: Reading configuration data /etc/ssh/ssh_config
debug1: /etc/ssh/ssh_config line 19: Applying options for *
debug1: Connecting to 222.201.145.151 [222.201.145.151] port 22.
debug1: Connection established.
debug1: identity file /home/alvin/.ssh/id_rsa type -1
debug1: identity file /home/alvin/.ssh/id_rsa-cert type -1
debug1: identity file /home/alvin/.ssh/id_dsa type -1
debug1: identity file /home/alvin/.ssh/id_dsa-cert type -1
debug1: identity file /home/alvin/.ssh/id_ecdsa type -1
debug1: identity file /home/alvin/.ssh/id_ecdsa-cert type -1
debug1: identity file /home/alvin/.ssh/id_ed25519 type -1
debug1: identity file /home/alvin/.ssh/id_ed25519-cert type -1
debug1: Enabling compatibility mode for protocol 2.0
debug1: Local version string SSH-2.0-OpenSSH_6.6.1p1 Ubuntu-2ubuntu2.8
debug1: Remote protocol version 2.0, remote software version OpenSSH_6.6.1p1 Ubuntu-2ubuntu2.7
debug1: match: OpenSSH_6.6.1p1 Ubuntu-2ubuntu2.7 pat OpenSSH_6.6.1* compat 0x04000000
debug1: SSH2_MSG_KEXINIT sent
debug1: SSH2_MSG_KEXINIT received
debug1: kex: server->client aes128-ctr hmac-md5-etm@openssh.com none
debug1: kex: client->server aes128-ctr hmac-md5-etm@openssh.com none
debug1: sending SSH2_MSG_KEX_ECDH_INIT
debug1: expecting SSH2_MSG_KEX_ECDH_REPLY
debug1: Server host key: ECDSA be:fc:a2:a2:11:30:c8:87:47:9d:55:39:1d:e6:14:69
debug1: Host '222.201.145.151' is known and matches the ECDSA host key.
debug1: Found key in /home/alvin/.ssh/known_hosts:2
debug1: ssh_ecdsa_verify: signature correct
debug1: SSH2_MSG_NEWKEYS sent
debug1: expecting SSH2_MSG_NEWKEYS
debug1: SSH2_MSG_NEWKEYS received
debug1: SSH2_MSG_SERVICE_REQUEST sent
debug1: SSH2_MSG_SERVICE_ACCEPT received
debug1: Authentications that can continue: publickey,password
debug1: Next authentication method: publickey
debug1: Trying private key: /home/alvin/.ssh/id_rsa
debug1: Trying private key: /home/alvin/.ssh/id_dsa
debug1: Trying private key: /home/alvin/.ssh/id_ecdsa
debug1: Trying private key: /home/alvin/.ssh/id_ed25519
debug1: Next authentication method: password
